23:33:29 **** Incremental Build of configuration Release for project ADC_driver ****
make all 
Building file: ../main.c
Invoking: AVR Compiler
avr-gcc -Wall -Os -fpack-struct -fshort-enums -ffunction-sections -fdata-sections -std=gnu99 -funsigned-char -funsigned-bitfields -mmcu=atmega32 -DF_CPU=1000000UL -MMD -MP -MF"main.d" -MT"main.o" -c -o "main.o" "../main.c"
Finished building: ../main.c
 
Building target: ADC_driver.elf
Invoking: AVR C Linker
avr-gcc -Wl,-Map,ADC_driver.map -mmcu=atmega32 -o "ADC_driver.elf"  ./LCD/LCD.o  ./GPIO/GPIO.o  ./ADC.o ./main.o   
Finished building target: ADC_driver.elf
 
Invoking: AVR Create Extended Listing
avr-objdump -h -S ADC_driver.elf  >"ADC_driver.lss"
Finished building: ADC_driver.lss
 
Create Flash image (ihex format)
avr-objcopy -R .eeprom -R .fuse -R .lock -R .signature -O ihex ADC_driver.elf  "ADC_driver.hex"
Finished building: ADC_driver.hex
 
Create eeprom image (ihex format)
avr-objcopy -j .eeprom --no-change-warnings --change-section-lma .eeprom=0 -O ihex ADC_driver.elf  "ADC_driver.eep"
Finished building: ADC_driver.eep
 
Invoking: Print Size
avr-size --format=avr --mcu=atmega32 ADC_driver.elf
AVR Memory Usage
----------------
Device: atmega32

Program:    6410 bytes (19.6% Full)
(.text + .data + .bootloader)

Data:        324 bytes (15.8% Full)
(.data + .bss + .noinit)


Finished building: sizedummy
 

23:33:30 Build Finished (took 1s.321ms)

