14:34:03 **** Incremental Build of configuration Debug for project DIO_driver1 ****
make all 
Building file: ../DIO_PROG.c
Invoking: AVR Compiler
avr-gcc -Wall -g2 -gstabs -O0 -fpack-struct -fshort-enums -ffunction-sections -fdata-sections -std=gnu99 -funsigned-char -funsigned-bitfields -mmcu=atmega32 -DF_CPU=1000000UL -MMD -MP -MF"DIO_PROG.d" -MT"DIO_PROG.o" -c -o "DIO_PROG.o" "../DIO_PROG.c"
Finished building: ../DIO_PROG.c
 
Building file: ../main.c
Invoking: AVR Compiler
avr-gcc -Wall -g2 -gstabs -O0 -fpack-struct -fshort-enums -ffunction-sections -fdata-sections -std=gnu99 -funsigned-char -funsigned-bitfields -mmcu=atmega32 -DF_CPU=1000000UL -MMD -MP -MF"main.d" -MT"main.o" -c -o "main.o" "../main.c"
In file included from ../MCAL_HEADER.h:11,
                 from ../main.c:7:
e:/embedded/c_programming/avr_prepare/imt_sdk_win_64/winavr/lib/gcc/../../avr/include/util/delay.h:90:3: warning: #warning "Compiler optimizations disabled; functions from <util/delay.h> won't work as designed"
Finished building: ../main.c
 
Building target: DIO_driver1.elf
Invoking: AVR C Linker
avr-gcc -Wl,-Map,DIO_driver1.map -mmcu=atmega32 -o "DIO_driver1.elf"  ./DIO_PROG.o ./main.o   
Finished building target: DIO_driver1.elf
 
Invoking: AVR Create Extended Listing
avr-objdump -h -S DIO_driver1.elf  >"DIO_driver1.lss"
Finished building: DIO_driver1.lss
 
Create Flash image (ihex format)
avr-objcopy -R .eeprom -R .fuse -R .lock -R .signature -O ihex DIO_driver1.elf  "DIO_driver1.hex"
Finished building: DIO_driver1.hex
 
Create eeprom image (ihex format)
avr-objcopy -j .eeprom --no-change-warnings --change-section-lma .eeprom=0 -O ihex DIO_driver1.elf  "DIO_driver1.eep"
Finished building: DIO_driver1.eep
 
Invoking: Print Size
avr-size --format=avr --mcu=atmega32 DIO_driver1.elf
AVR Memory Usage
----------------
Device: atmega32

Program:    5078 bytes (15.5% Full)
(.text + .data + .bootloader)

Data:         28 bytes (1.4% Full)
(.data + .bss + .noinit)


Finished building: sizedummy
 

14:34:04 Build Finished (took 1s.399ms)

