00:53:52 **** Incremental Build of configuration Debug for project DIO_driver ****
make all 
Building file: ../DIO_PROG.c
Invoking: AVR Compiler
avr-gcc -Wall -g2 -gstabs -O0 -fpack-struct -fshort-enums -ffunction-sections -fdata-sections -std=gnu99 -funsigned-char -funsigned-bitfields -mmcu=atmega32 -DF_CPU=1200000UL -MMD -MP -MF"DIO_PROG.d" -MT"DIO_PROG.o" -c -o "DIO_PROG.o" "../DIO_PROG.c"
Finished building: ../DIO_PROG.c
 
Building file: ../main.c
Invoking: AVR Compiler
avr-gcc -Wall -g2 -gstabs -O0 -fpack-struct -fshort-enums -ffunction-sections -fdata-sections -std=gnu99 -funsigned-char -funsigned-bitfields -mmcu=atmega32 -DF_CPU=1200000UL -MMD -MP -MF"main.d" -MT"main.o" -c -o "main.o" "../main.c"
In file included from ../MCAL_HEADER.h:11,
                 from ../main.c:7:
e:/embedded/c_programming/avr_prepare/imt_sdk_win_64/winavr/lib/gcc/../../avr/include/util/delay.h:90:3: warning: #warning "Compiler optimizations disabled; functions from <util/delay.h> won't work as designed"
Finished building: ../main.c
 
Building target: DIO_driver.elf
Invoking: AVR C Linker
avr-gcc -Wl,-Map,DIO_driver.map -mmcu=atmega32 -o "DIO_driver.elf"  ./DIO_PROG.o ./main.o   
Finished building target: DIO_driver.elf
 
Invoking: AVR Create Extended Listing
avr-objdump -h -S DIO_driver.elf  >"DIO_driver.lss"
Finished building: DIO_driver.lss
 
Create Flash image (ihex format)
avr-objcopy -R .eeprom -R .fuse -R .lock -R .signature -O ihex DIO_driver.elf  "DIO_driver.hex"
Finished building: DIO_driver.hex
 
Invoking: Print Size
avr-size --format=avr --mcu=atmega32 DIO_driver.elf
AVR Memory Usage
----------------
Device: atmega32

Program:    5012 bytes (15.3% Full)
(.text + .data + .bootloader)

Data:         28 bytes (1.4% Full)
(.data + .bss + .noinit)


Finished building: sizedummy
 

00:53:56 Build Finished (took 4s.21ms)

