03:13:10 **** Incremental Build of configuration Debug for project LCD_driver1 ****
make all 
Building file: ../main.c
Invoking: AVR Compiler
avr-gcc -Wall -g2 -gstabs -O0 -fpack-struct -fshort-enums -ffunction-sections -fdata-sections -std=gnu99 -funsigned-char -funsigned-bitfields -mmcu=atmega32 -DF_CPU=1000000UL -MMD -MP -MF"main.d" -MT"main.o" -c -o "main.o" "../main.c"
In file included from ../main.c:5:
e:/embedded/c_programming/avr_prepare/imt_sdk_win_64/winavr/lib/gcc/../../avr/include/util/delay.h:90:3: warning: #warning "Compiler optimizations disabled; functions from <util/delay.h> won't work as designed"
Finished building: ../main.c
 
Building target: LCD_driver1.elf
Invoking: AVR C Linker
avr-gcc -Wl,-Map,LCD_driver1.map -mmcu=atmega32 -o "LCD_driver1.elf"  ./DIO_PROG.o ./LCD_prog.o ./main.o   
Finished building target: LCD_driver1.elf
 
Invoking: AVR Create Extended Listing
avr-objdump -h -S LCD_driver1.elf  >"LCD_driver1.lss"
Finished building: LCD_driver1.lss
 
Create Flash image (ihex format)
avr-objcopy -R .eeprom -R .fuse -R .lock -R .signature -O ihex LCD_driver1.elf  "LCD_driver1.hex"
Finished building: LCD_driver1.hex
 
Invoking: Print Size
avr-size --format=avr --mcu=atmega32 LCD_driver1.elf
AVR Memory Usage
----------------
Device: atmega32

Program:    9784 bytes (29.9% Full)
(.text + .data + .bootloader)

Data:         36 bytes (1.8% Full)
(.data + .bss + .noinit)


Finished building: sizedummy
 
Invoking: AVRDude
E:\Embedded\C_programming\AVR_prepare\IMT_SDK_Win_64\WinAVR\bin\avrdude -pm32 -cusbasp -Uflash:w:LCD_driver1.hex:a

avrdude: warning: cannot set sck period. please check for usbasp firmware update.
avrdude: AVR device initialized and ready to accept instructions

Reading | ################################################## | 100% 0.01s

avrdude: Device signature = 0x1e9502
avrdude: NOTE: FLASH memory has been specified, an erase cycle will be performed
         To disable this feature, specify the -D option.
avrdude: erasing chip
avrdude: warning: cannot set sck period. please check for usbasp firmware update.
avrdude: reading input file "LCD_driver1.hex"
avrdude: input file LCD_driver1.hex auto detected as Intel Hex
avrdude: writing flash (9784 bytes):

Writing | ################################################## | 100% 5.49s

avrdude: 9784 bytes of flash written
avrdude: verifying flash memory against LCD_driver1.hex:
avrdude: load data flash data from input file LCD_driver1.hex:
avrdude: input file LCD_driver1.hex auto detected as Intel Hex
avrdude: input file LCD_driver1.hex contains 9784 bytes
avrdude: reading on-chip flash data:

Reading | ################################################## | 100% 5.14s

avrdude: verifying ...
avrdude: 9784 bytes of flash verified

avrdude done.  Thank you.

Finished building: avrdudedummy
 

03:13:23 Build Finished (took 13s.481ms)

